<?xml version="1.0" encoding="UTF-8"?>
<testsuite name="NumbersToWordsTest" tests="1" skipped="0" failures="0" errors="0" timestamp="2016-02-09T18:00:43" hostname="epicodus-65.local" time="0.003">
  <properties/>
  <testcase name="getWord_UserEnters4_ReturnsFour" classname="NumbersToWordsTest" time="0.003"/>
  <system-out><![CDATA[]]></system-out>
  <system-err><![CDATA[]]></system-err>
</testsuite>
