<?xml version="1.0" encoding="UTF-8"?>
<testsuite name="NumbersToWordsTest" tests="2" skipped="0" failures="0" errors="0" timestamp="2016-02-09T18:28:58" hostname="epicodus-65.local" time="0.002">
  <properties/>
  <testcase name="getWord_UserEnters4_ReturnsFour" classname="NumbersToWordsTest" time="0.002"/>
  <testcase name="getWord_UserEnters24_ReturnsTwentyFour" classname="NumbersToWordsTest" time="0.0"/>
  <system-out><![CDATA[]]></system-out>
  <system-err><![CDATA[]]></system-err>
</testsuite>
